[debug] [2022-08-08T01:01:44.700Z] ----------------------------------------------------------------------
[debug] [2022-08-08T01:01:44.702Z] Command:       /usr/local/bin/node /usr/local/bin/firebase init
[debug] [2022-08-08T01:01:44.703Z] CLI Version:   11.4.2
[debug] [2022-08-08T01:01:44.703Z] Platform:      linux
[debug] [2022-08-08T01:01:44.703Z] Node Version:  v16.16.0
[debug] [2022-08-08T01:01:44.703Z] Time:          Mon Aug 08 2022 01:01:44 GMT+0000 (Coordinated Universal Time)
[debug] [2022-08-08T01:01:44.703Z] ----------------------------------------------------------------------
[debug] 
[debug] [2022-08-08T01:01:44.708Z] > command requires scopes: ["email","openid","https://www.googleapis.com/auth/cloudplatformprojects.readonly","https://www.googleapis.com/auth/firebase","https://www.googleapis.com/auth/cloud-platform"]
[debug] [2022-08-08T01:01:44.708Z] > authorizing via signed-in user (copet80@gmail.com)
[info] 
     ######## #### ########  ######## ########     ###     ######  ########
     ##        ##  ##     ## ##       ##     ##  ##   ##  ##       ##
     ######    ##  ########  ######   ########  #########  ######  ######
     ##        ##  ##    ##  ##       ##     ## ##     ##       ## ##
     ##       #### ##     ## ######## ########  ##     ##  ######  ########

You're about to initialize a Firebase project in this directory:

  /project/taecomps-app

Before we get started, keep in mind:

  * You are currently outside your home directory

[info] 
=== Project Setup
[info] 
[info] First, let's associate this project directory with a Firebase project.
[info] You can create multiple project aliases by running firebase use --add, 
[info] but for now we'll just set up a default project.
[info] 
[debug] [2022-08-08T01:01:55.814Z] >>> [apiv2][query] GET https://firebase.googleapis.com/v1beta1/projects pageSize=100
[debug] [2022-08-08T01:01:56.226Z] <<< [apiv2][status] GET https://firebase.googleapis.com/v1beta1/projects 200
[debug] [2022-08-08T01:01:56.227Z] <<< [apiv2][body] GET https://firebase.googleapis.com/v1beta1/projects [omitted]
[info] i  Using project taecomps-86563 (taecomps) 
[info] 
=== Firestore Setup
[debug] [2022-08-08T01:02:00.765Z] >>> [apiv2][query] GET https://serviceusage.googleapis.com/v1/projects/taecomps-86563/services/firestore.googleapis.com [none]
[debug] [2022-08-08T01:02:01.679Z] <<< [apiv2][status] GET https://serviceusage.googleapis.com/v1/projects/taecomps-86563/services/firestore.googleapis.com 200
[debug] [2022-08-08T01:02:01.680Z] <<< [apiv2][body] GET https://serviceusage.googleapis.com/v1/projects/taecomps-86563/services/firestore.googleapis.com [omitted]
[debug] [2022-08-08T01:02:01.680Z] >>> [apiv2][query] GET https://appengine.googleapis.com/v1/apps/taecomps-86563 [none]
[debug] [2022-08-08T01:02:01.975Z] <<< [apiv2][status] GET https://appengine.googleapis.com/v1/apps/taecomps-86563 200
[debug] [2022-08-08T01:02:01.975Z] <<< [apiv2][body] GET https://appengine.googleapis.com/v1/apps/taecomps-86563 {"name":"apps/taecomps-86563","id":"taecomps-86563","authDomain":"gmail.com","locationId":"us-central","codeBucket":"staging.taecomps-86563.appspot.com","servingStatus":"SERVING","defaultHostname":"taecomps-86563.uc.r.appspot.com","defaultBucket":"taecomps-86563.appspot.com","serviceAccount":"taecomps-86563@appspot.gserviceaccount.com","gcrDomain":"us.gcr.io","databaseType":"CLOUD_FIRESTORE","featureSettings":{"splitHealthChecks":true,"useContainerOptimizedOs":true}}
[debug] [2022-08-08T01:02:01.976Z] database_type: CLOUD_FIRESTORE
[debug] [2022-08-08T01:02:01.976Z] > command requires scopes: ["email","openid","https://www.googleapis.com/auth/cloudplatformprojects.readonly","https://www.googleapis.com/auth/firebase","https://www.googleapis.com/auth/cloud-platform"]
[debug] [2022-08-08T01:02:01.976Z] > authorizing via signed-in user (copet80@gmail.com)
[debug] [2022-08-08T01:02:01.976Z] [iam] checking project taecomps-86563 for permissions ["firebase.projects.get"]
[debug] [2022-08-08T01:02:01.976Z] >>> [apiv2][query] POST https://cloudresourcemanager.googleapis.com/v1/projects/taecomps-86563:testIamPermissions [none]
[debug] [2022-08-08T01:02:01.977Z] >>> [apiv2][(partial)header] POST https://cloudresourcemanager.googleapis.com/v1/projects/taecomps-86563:testIamPermissions x-goog-quota-user=projects/taecomps-86563
[debug] [2022-08-08T01:02:01.977Z] >>> [apiv2][body] POST https://cloudresourcemanager.googleapis.com/v1/projects/taecomps-86563:testIamPermissions {"permissions":["firebase.projects.get"]}
[debug] [2022-08-08T01:02:02.146Z] <<< [apiv2][status] POST https://cloudresourcemanager.googleapis.com/v1/projects/taecomps-86563:testIamPermissions 200
[debug] [2022-08-08T01:02:02.146Z] <<< [apiv2][body] POST https://cloudresourcemanager.googleapis.com/v1/projects/taecomps-86563:testIamPermissions {"permissions":["firebase.projects.get"]}
[info] 
[info] Firestore Security Rules allow you to define how and when to allow
[info] requests. You can keep these rules in your project directory
[info] and publish them with firebase deploy.
[info] 
[debug] [2022-08-08T01:02:05.212Z] >>> [apiv2][query] GET https://firebaserules.googleapis.com/v1/projects/taecomps-86563/releases pageSize=10&pageToken=
[debug] [2022-08-08T01:02:05.970Z] <<< [apiv2][status] GET https://firebaserules.googleapis.com/v1/projects/taecomps-86563/releases 200
[debug] [2022-08-08T01:02:05.970Z] <<< [apiv2][body] GET https://firebaserules.googleapis.com/v1/projects/taecomps-86563/releases {"releases":[{"name":"projects/taecomps-86563/releases/cloud.firestore","rulesetName":"projects/taecomps-86563/rulesets/855b363f-c459-47ec-8184-9130b9e1fd30","createTime":"2022-08-08T01:01:34.432263Z","updateTime":"2022-08-08T01:01:34.432263Z"}]}
[debug] [2022-08-08T01:02:05.970Z] Found ruleset: projects/taecomps-86563/rulesets/855b363f-c459-47ec-8184-9130b9e1fd30
[debug] [2022-08-08T01:02:05.971Z] >>> [apiv2][query] GET https://firebaserules.googleapis.com/v1/projects/taecomps-86563/rulesets/855b363f-c459-47ec-8184-9130b9e1fd30 [none]
[debug] [2022-08-08T01:02:06.212Z] <<< [apiv2][status] GET https://firebaserules.googleapis.com/v1/projects/taecomps-86563/rulesets/855b363f-c459-47ec-8184-9130b9e1fd30 200
[debug] [2022-08-08T01:02:06.213Z] <<< [apiv2][body] GET https://firebaserules.googleapis.com/v1/projects/taecomps-86563/rulesets/855b363f-c459-47ec-8184-9130b9e1fd30 [omitted]
[info] 
[info] Firestore indexes allow you to perform complex queries while
[info] maintaining performance that scales with the size of the result
[info] set. You can keep index definitions in your project directory
[info] and publish them with firebase deploy.
[info] 
[debug] [2022-08-08T01:02:07.905Z] >>> [apiv2][query] GET https://firestore.googleapis.com/v1/projects/taecomps-86563/databases/(default)/collectionGroups/-/indexes [none]
[debug] [2022-08-08T01:02:07.906Z] >>> [apiv2][query] GET https://firestore.googleapis.com/v1/projects/taecomps-86563/databases/(default)/collectionGroups/-/fields?filter=indexConfig.usesAncestorConfig=false [none]
[debug] [2022-08-08T01:02:08.729Z] <<< [apiv2][status] GET https://firestore.googleapis.com/v1/projects/taecomps-86563/databases/(default)/collectionGroups/-/indexes 200
[debug] [2022-08-08T01:02:08.729Z] <<< [apiv2][body] GET https://firestore.googleapis.com/v1/projects/taecomps-86563/databases/(default)/collectionGroups/-/indexes {}
[debug] [2022-08-08T01:02:09.295Z] <<< [apiv2][status] GET https://firestore.googleapis.com/v1/projects/taecomps-86563/databases/(default)/collectionGroups/-/fields?filter=indexConfig.usesAncestorConfig=false 200
[debug] [2022-08-08T01:02:09.295Z] <<< [apiv2][body] GET https://firestore.googleapis.com/v1/projects/taecomps-86563/databases/(default)/collectionGroups/-/fields?filter=indexConfig.usesAncestorConfig=false {"fields":[{"name":"projects/taecomps-86563/databases/(default)/collectionGroups/__default__/fields/*","indexConfig":{"indexes":[{"queryScope":"COLLECTION","fields":[{"fieldPath":"*","order":"ASCENDING"}],"state":"READY"},{"queryScope":"COLLECTION","fields":[{"fieldPath":"*","order":"DESCENDING"}],"state":"READY"},{"queryScope":"COLLECTION","fields":[{"fieldPath":"*","arrayConfig":"CONTAINS"}],"state":"READY"}]}}]}
[info] 
=== Hosting Setup
[info] 
[info] Your public directory is the folder (relative to your project directory) that
[info] will contain Hosting assets to be uploaded with firebase deploy. If you
[info] have a build process for your assets, use your build's output directory.
[info] 
[debug] [2022-08-08T01:03:19.942Z] >>> [apiv2][query] GET https://www.gstatic.com/firebasejs/releases.json [none]
[debug] [2022-08-08T01:03:19.986Z] <<< [apiv2][status] GET https://www.gstatic.com/firebasejs/releases.json 200
[debug] [2022-08-08T01:03:19.986Z] <<< [apiv2][body] GET https://www.gstatic.com/firebasejs/releases.json {"current":{"version":"9.9.2","browserURL":"https://www.gstatic.com/firebasejs/9.9.2/firebase.js","packageURL":"https://www.gstatic.com/firebasejs/9.9.2/firebase.tgz"},"live":{"version":"9.9","browserURL":"https://www.gstatic.com/firebasejs/live/9.9/firebase.js","packageURL":"https://www.gstatic.com/firebasejs/live/9.9/firebase.tgz"},"components":{"analytics":"https://www.gstatic.com/firebasejs/9.9.2/firebase-analytics.js","app":"https://www.gstatic.com/firebasejs/9.9.2/firebase-app.js","app-check":"https://www.gstatic.com/firebasejs/9.9.2/firebase-app-check.js","auth":"https://www.gstatic.com/firebasejs/9.9.2/firebase-auth.js","auth/cordova":"https://www.gstatic.com/firebasejs/9.9.2/firebase-auth/cordova.js","auth/react-native":"https://www.gstatic.com/firebasejs/9.9.2/firebase-auth/react-native.js","functions":"https://www.gstatic.com/firebasejs/9.9.2/firebase-functions.js","firestore":"https://www.gstatic.com/firebasejs/9.9.2/firebase-firestore.js","firestore/lite":"https://www.gstatic.com/firebasejs/9.9.2/firebase-firestore/lite.js","installations":"https://www.gstatic.com/firebasejs/9.9.2/firebase-installations.js","storage":"https://www.gstatic.com/firebasejs/9.9.2/firebase-storage.js","performance":"https://www.gstatic.com/firebasejs/9.9.2/firebase-performance.js","remote-config":"https://www.gstatic.com/firebasejs/9.9.2/firebase-remote-config.js","messaging":"https://www.gstatic.com/firebasejs/9.9.2/firebase-messaging.js","messaging/sw":"https://www.gstatic.com/firebasejs/9.9.2/firebase-messaging/sw.js","database":"https://www.gstatic.com/firebasejs/9.9.2/firebase-database.js","firestore.memory":"https://www.gstatic.com/firebasejs/9.9.2/firebase-firestore.memory.js"}}
[info] ✔  Wrote build/index.html 
[info] 
[info] i  Detected a .git folder at /project/taecomps-app 
[info] i  Authorizing with GitHub to upload your service account to a GitHub repository's secrets store. 
[info] 
[info] Visit this URL on this device to log in:
[info] https://github.com/login/oauth/authorize?client_id=89cf50f02ac6aaed3484&state=177524503&redirect_uri=http%3A%2F%2Flocalhost%3A9005&scope=read%3Auser%20repo%20public_repo
[info] 
[info] Waiting for authentication...
[debug] [2022-08-08T01:04:07.767Z] >>> [apiv2][query] POST https://github.com/login/oauth/access_token [none]
[debug] [2022-08-08T01:04:07.769Z] >>> [apiv2][body] POST https://github.com/login/oauth/access_token [stream]
[debug] [2022-08-08T01:04:07.983Z] <<< [apiv2][status] POST https://github.com/login/oauth/access_token 200
[debug] [2022-08-08T01:04:07.983Z] <<< [apiv2][body] POST https://github.com/login/oauth/access_token {"access_token":"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","token_type":"bearer","scope":"read:user,repo"}
[debug] [2022-08-08T01:04:07.989Z] >>> [apiv2][query] GET https://api.github.com/user [none]
[debug] [2022-08-08T01:04:08.200Z] <<< [apiv2][status] GET https://api.github.com/user 200
[debug] [2022-08-08T01:04:08.200Z] <<< [apiv2][body] GET https://api.github.com/user {"login":"copet80","id":5566659,"node_id":"MDQ6VXNlcjU1NjY2NTk=","avatar_url":"https://avatars.githubusercontent.com/u/5566659?v=4","gravatar_id":"","url":"https://api.github.com/users/copet80","html_url":"https://github.com/copet80","followers_url":"https://api.github.com/users/copet80/followers","following_url":"https://api.github.com/users/copet80/following{/other_user}","gists_url":"https://api.github.com/users/copet80/gists{/gist_id}","starred_url":"https://api.github.com/users/copet80/starred{/owner}{/repo}","subscriptions_url":"https://api.github.com/users/copet80/subscriptions","organizations_url":"https://api.github.com/users/copet80/orgs","repos_url":"https://api.github.com/users/copet80/repos","events_url":"https://api.github.com/users/copet80/events{/privacy}","received_events_url":"https://api.github.com/users/copet80/received_events","type":"User","site_admin":false,"name":null,"company":null,"blog":"","location":null,"email":null,"hireable":null,"bio":null,"twitter_username":null,"public_repos":7,"public_gists":1,"followers":1,"following":0,"created_at":"2013-09-28T23:05:10Z","updated_at":"2022-07-26T23:17:52Z","private_gists":0,"total_private_repos":1,"owned_private_repos":1,"disk_usage":89463,"collaborators":1,"two_factor_authentication":true,"plan":{"name":"free","space":976562499,"collaborators":0,"private_repos":10000}}
[info] 
[info] ✔  Success! Logged into GitHub as copet80 
[info] 
